2025-03-19 06:52:54,777 INFO: Acquired lock with file main.lock.
2025-03-19 06:52:54,777 INFO: Loaded configuration from config.json.
2025-03-19 06:52:54,777 INFO: Execution mode for batches: async
2025-03-19 06:52:54,777 INFO: Process started at 2025-03-19 06:52:54.777850 (Execution Mode: ASYNC)
2025-03-19 06:52:54,777 INFO: ------------------------------
2025-03-19 06:52:54,777 INFO: Starting Batch 1
2025-03-19 06:52:54,777 INFO: Starting Batch 1
2025-03-19 06:52:54,777 INFO: Batch started at 2025-03-19 06:52:54.777970
2025-03-19 06:52:54,777 INFO: Script file1.py started at 2025-03-19 06:52:54.777995
2025-03-19 06:52:54,779 INFO: Script file2.py started at 2025-03-19 06:52:54.779930
2025-03-19 06:52:59,798 INFO: Script file1.py ended at 2025-03-19 06:52:59.798825 with duration 0:00:05.020830
2025-03-19 06:52:59,799 INFO: Finished file1.py with output:
File 1: Starting API simulation...
File 1: Finished API simulation.

2025-03-19 06:53:04,799 INFO: Script file2.py ended at 2025-03-19 06:53:04.799078 with duration 0:00:10.019148
2025-03-19 06:53:04,799 INFO: Finished file2.py with output:
File 2: Starting API simulation...
File 2: Finished API simulation.

2025-03-19 06:53:04,799 INFO: Batch ended at 2025-03-19 06:53:04.799422 with duration 0:00:10.021452
2025-03-19 06:53:04,799 INFO: ------------------------------
2025-03-19 06:53:04,799 INFO: Batch 1 completed successfully.
2025-03-19 06:53:04,799 INFO: Starting Batch 2
2025-03-19 06:53:04,799 INFO: Starting Batch 2
2025-03-19 06:53:04,799 INFO: Batch started at 2025-03-19 06:53:04.799724
2025-03-19 06:53:04,799 INFO: Script file3.py started at 2025-03-19 06:53:04.799783
2025-03-19 06:53:07,829 INFO: Script file3.py ended at 2025-03-19 06:53:07.828962 with duration 0:00:03.029179
2025-03-19 06:53:07,829 INFO: Finished file3.py with output:
File 3: Starting API simulation...
File 3: Finished API simulation.

2025-03-19 06:53:07,829 INFO: Batch ended at 2025-03-19 06:53:07.829474 with duration 0:00:03.029750
2025-03-19 06:53:07,829 INFO: ------------------------------
2025-03-19 06:53:07,829 INFO: Batch 2 completed successfully.
2025-03-19 06:53:07,829 INFO: Process ended at 2025-03-19 06:53:07.829679 with total duration 0:00:13.051829
2025-03-19 06:53:07,829 INFO: ------------------------------
2025-03-19 06:53:07,830 INFO: Released lock and removed main.lock.
