2025-03-30 20:59:28,575 INFO: Acquired lock with file main.lock.
2025-03-30 20:59:28,576 INFO: ------------------------------
2025-03-30 20:59:28,576 INFO: Starting data migration process.
2025-03-30 20:59:28,576 INFO: Loaded configuration from config.json.
2025-03-30 20:59:28,576 INFO: Initial memory usage: 18.66 MB
2025-03-30 20:59:28,576 INFO: Total system memory: 24576.00 MB
2025-03-30 20:59:28,576 INFO: Calling get_ids.py to retrieve IDs...
2025-03-30 20:59:32,600 INFO: Successfully retrieved 100 IDs.
2025-03-30 20:59:32,600 INFO: Total IDs to process: 100
2025-03-30 20:59:32,600 INFO: ------------------------------
2025-03-30 20:59:32,600 INFO: ------------------------------
2025-03-30 20:59:32,600 INFO: Processing chunk 1 with 10 records.
2025-03-30 20:59:32,600 INFO: Memory before processing chunk: 19.16 MB
2025-03-30 20:59:34,634 INFO: Memory after processing chunk: 19.23 MB
2025-03-30 20:59:34,634 INFO: Chunk 1 processed in 2.03 seconds with a memory delta of 0.08 MB (0.0003% of total system memory).
2025-03-30 20:59:34,634 INFO: Chunk 1 processed successfully.
2025-03-30 20:59:34,634 INFO: Output: Calling API with ids: [1, 2, 3, 4, 5, 6, 7, 8, 9, 10]
{"status": "success", "processed_ids": [1, 2, 3, 4, 5, 6, 7, 8, 9, 10]}
2025-03-30 20:59:34,634 INFO: ------------------------------
2025-03-30 20:59:34,634 INFO: Adjusting chunk size from 10 to 1572864 based on average memory usage per record (0.0078 MB).
2025-03-30 20:59:34,634 INFO: ------------------------------
2025-03-30 20:59:34,634 INFO: Processing chunk 2 with 90 records.
2025-03-30 20:59:34,634 INFO: Memory before processing chunk: 19.23 MB
2025-03-30 20:59:36,668 INFO: Memory after processing chunk: 19.25 MB
2025-03-30 20:59:36,668 INFO: Chunk 2 processed in 2.03 seconds with a memory delta of 0.02 MB (0.0001% of total system memory).
2025-03-30 20:59:36,668 INFO: Chunk 2 processed successfully.
2025-03-30 20:59:36,668 INFO: Output: Calling API with ids: [11, 12, 13, 14, 15, 16, 17, 18, 19, 20, 21, 22, 23, 24, 25, 26, 27, 28, 29, 30, 31, 32, 33, 34, 35, 36, 37, 38, 39, 40, 41, 42, 43, 44, 45, 46, 47, 48, 49, 50, 51, 52, 53, 54, 55, 56, 57, 58, 59, 60, 61, 62, 63, 64, 65, 66, 67, 68, 69, 70, 71, 72, 73, 74, 75, 76, 77, 78, 79, 80, 81, 82, 83, 84, 85, 86, 87, 88, 89, 90, 91, 92, 93, 94, 95, 96, 97, 98, 99, 100]
{"status": "success", "processed_ids": [11, 12, 13, 14, 15, 16, 17, 18, 19, 20, 21, 22, 23, 24, 25, 26, 27, 28, 29, 30, 31, 32, 33, 34, 35, 36, 37, 38, 39, 40, 41, 42, 43, 44, 45, 46, 47, 48, 49, 50, 51, 52, 53, 54, 55, 56, 57, 58, 59, 60, 61, 62, 63, 64, 65, 66, 67, 68, 69, 70, 71, 72, 73, 74, 75, 76, 77, 78, 79, 80, 81, 82, 83, 84, 85, 86, 87, 88, 89, 90, 91, 92, 93, 94, 95, 96, 97, 98, 99, 100]}
2025-03-30 20:59:36,668 INFO: ------------------------------
2025-03-30 20:59:36,668 INFO: Adjusting chunk size from 1572864 to 70778880 based on average memory usage per record (0.0002 MB).
2025-03-30 20:59:36,668 INFO: Final memory usage: 19.25 MB
2025-03-30 20:59:36,669 INFO: Memory usage delta per chunk (MB): [0.078125, 0.015625]
2025-03-30 20:59:36,669 INFO: Memory usage percentage per chunk (%): [0.00031789143880208337, 6.357828776041666e-05]
2025-03-30 20:59:36,669 INFO: ------------------------------
2025-03-30 20:59:36,669 INFO: Batch sizes used per chunk: [10, 1572864]
2025-03-30 20:59:36,669 INFO: Data migration process completed.
2025-03-30 20:59:36,669 INFO: ------------------------------
2025-03-30 20:59:36,669 INFO: Released lock and removed main.lock.
2025-03-31 11:03:42,471 INFO: Acquired lock with file main.lock.
2025-03-31 11:03:42,471 INFO: ------------------------------
2025-03-31 11:03:42,471 INFO: Starting data migration process.
2025-03-31 11:03:42,471 INFO: Loaded configuration from config.json.
2025-03-31 11:03:42,471 INFO: Initial memory usage: 17.89 MB
2025-03-31 11:03:42,471 INFO: Total system memory: 24576.00 MB
2025-03-31 11:03:42,471 INFO: Calling get_ids.py to retrieve IDs...
2025-03-31 11:03:46,499 INFO: Successfully retrieved 100 IDs.
2025-03-31 11:03:46,499 INFO: Total IDs to process: 100
2025-03-31 11:03:46,499 INFO: ------------------------------
2025-03-31 11:03:46,499 INFO: ------------------------------
2025-03-31 11:03:46,499 INFO: Processing chunk 1 with 10 records.
2025-03-31 11:03:46,499 INFO: Memory before processing chunk: 18.34 MB
2025-03-31 11:03:48,531 INFO: Memory after processing chunk: 18.55 MB
2025-03-31 11:03:48,531 INFO: Chunk 1 processed in 2.03 seconds with a memory delta of 0.20 MB (0.0008% of total system memory).
2025-03-31 11:03:48,531 INFO: Chunk 1 processed successfully.
2025-03-31 11:03:48,531 INFO: Output: Calling API with ids: [1, 2, 3, 4, 5, 6, 7, 8, 9, 10]
{"status": "success", "processed_ids": [1, 2, 3, 4, 5, 6, 7, 8, 9, 10]}
2025-03-31 11:03:48,531 INFO: ------------------------------
2025-03-31 11:03:48,531 INFO: Adjusting chunk size from 10 to 604947 based on average memory usage per record (0.0203 MB).
2025-03-31 11:03:48,531 INFO: ------------------------------
2025-03-31 11:03:48,531 INFO: Processing chunk 2 with 90 records.
2025-03-31 11:03:48,531 INFO: Memory before processing chunk: 18.55 MB
2025-03-31 11:03:50,562 INFO: Memory after processing chunk: 18.55 MB
2025-03-31 11:03:50,562 INFO: Chunk 2 processed in 2.03 seconds with a memory delta of 0.00 MB (0.0000% of total system memory).
2025-03-31 11:03:50,562 INFO: Chunk 2 processed successfully.
2025-03-31 11:03:50,562 INFO: Output: Calling API with ids: [11, 12, 13, 14, 15, 16, 17, 18, 19, 20, 21, 22, 23, 24, 25, 26, 27, 28, 29, 30, 31, 32, 33, 34, 35, 36, 37, 38, 39, 40, 41, 42, 43, 44, 45, 46, 47, 48, 49, 50, 51, 52, 53, 54, 55, 56, 57, 58, 59, 60, 61, 62, 63, 64, 65, 66, 67, 68, 69, 70, 71, 72, 73, 74, 75, 76, 77, 78, 79, 80, 81, 82, 83, 84, 85, 86, 87, 88, 89, 90, 91, 92, 93, 94, 95, 96, 97, 98, 99, 100]
{"status": "success", "processed_ids": [11, 12, 13, 14, 15, 16, 17, 18, 19, 20, 21, 22, 23, 24, 25, 26, 27, 28, 29, 30, 31, 32, 33, 34, 35, 36, 37, 38, 39, 40, 41, 42, 43, 44, 45, 46, 47, 48, 49, 50, 51, 52, 53, 54, 55, 56, 57, 58, 59, 60, 61, 62, 63, 64, 65, 66, 67, 68, 69, 70, 71, 72, 73, 74, 75, 76, 77, 78, 79, 80, 81, 82, 83, 84, 85, 86, 87, 88, 89, 90, 91, 92, 93, 94, 95, 96, 97, 98, 99, 100]}
2025-03-31 11:03:50,562 INFO: ------------------------------
2025-03-31 11:03:50,562 INFO: Final memory usage: 18.56 MB
2025-03-31 11:03:50,562 INFO: Memory usage delta per chunk (MB): [0.203125, 0.0]
2025-03-31 11:03:50,562 INFO: Memory usage percentage per chunk (%): [0.0008265177408854166, 0.0]
2025-03-31 11:03:50,562 INFO: ------------------------------
2025-03-31 11:03:50,562 INFO: Batch sizes used per chunk: [10, 604947]
2025-03-31 11:03:50,562 INFO: Data migration process completed.
2025-03-31 11:03:50,562 INFO: ------------------------------
2025-03-31 11:03:50,563 INFO: Released lock and removed main.lock.
2025-03-31 11:10:30,113 INFO: Acquired lock with file main.lock.
2025-03-31 11:10:30,113 INFO: ------------------------------
2025-03-31 11:10:30,113 INFO: Starting data migration process.
2025-03-31 11:10:30,113 INFO: Loaded configuration from config.json.
2025-03-31 11:10:30,113 INFO: Calling get_ids.py to retrieve IDs...
2025-03-31 11:10:34,138 INFO: Successfully retrieved 100 IDs.
2025-03-31 11:10:34,139 INFO: Total IDs to process: 100
2025-03-31 11:10:34,139 INFO: ------------------------------
2025-03-31 11:10:34,139 INFO: ------------------------------
2025-03-31 11:10:34,139 INFO: Processing chunk 1 with 10 records.
2025-03-31 11:10:36,175 INFO: Chunk 1 processed in 2.04 seconds.
2025-03-31 11:10:36,176 INFO: Chunk 1 processed successfully.
2025-03-31 11:10:36,176 INFO: Output: Calling API with ids: [1, 2, 3, 4, 5, 6, 7, 8, 9, 10]
{"status": "success", "processed_ids": [1, 2, 3, 4, 5, 6, 7, 8, 9, 10]}
2025-03-31 11:10:36,176 INFO: ------------------------------
2025-03-31 11:10:36,176 INFO: ------------------------------
2025-03-31 11:10:36,176 INFO: Processing chunk 2 with 10 records.
2025-03-31 11:10:38,205 INFO: Chunk 2 processed in 2.03 seconds.
2025-03-31 11:10:38,205 INFO: Chunk 2 processed successfully.
2025-03-31 11:10:38,205 INFO: Output: Calling API with ids: [11, 12, 13, 14, 15, 16, 17, 18, 19, 20]
{"status": "success", "processed_ids": [11, 12, 13, 14, 15, 16, 17, 18, 19, 20]}
2025-03-31 11:10:38,205 INFO: ------------------------------
2025-03-31 11:10:38,205 INFO: ------------------------------
2025-03-31 11:10:38,205 INFO: Processing chunk 3 with 10 records.
2025-03-31 11:10:40,237 INFO: Chunk 3 processed in 2.03 seconds.
2025-03-31 11:10:40,237 INFO: Chunk 3 processed successfully.
2025-03-31 11:10:40,237 INFO: Output: Calling API with ids: [21, 22, 23, 24, 25, 26, 27, 28, 29, 30]
{"status": "success", "processed_ids": [21, 22, 23, 24, 25, 26, 27, 28, 29, 30]}
2025-03-31 11:10:40,237 INFO: ------------------------------
2025-03-31 11:10:40,237 INFO: ------------------------------
2025-03-31 11:10:40,237 INFO: Processing chunk 4 with 10 records.
2025-03-31 11:10:42,262 INFO: Chunk 4 processed in 2.02 seconds.
2025-03-31 11:10:42,262 INFO: Chunk 4 processed successfully.
2025-03-31 11:10:42,262 INFO: Output: Calling API with ids: [31, 32, 33, 34, 35, 36, 37, 38, 39, 40]
{"status": "success", "processed_ids": [31, 32, 33, 34, 35, 36, 37, 38, 39, 40]}
2025-03-31 11:10:42,262 INFO: ------------------------------
2025-03-31 11:10:42,262 INFO: ------------------------------
2025-03-31 11:10:42,262 INFO: Processing chunk 5 with 10 records.
2025-03-31 11:10:44,293 INFO: Chunk 5 processed in 2.03 seconds.
2025-03-31 11:10:44,293 INFO: Chunk 5 processed successfully.
2025-03-31 11:10:44,293 INFO: Output: Calling API with ids: [41, 42, 43, 44, 45, 46, 47, 48, 49, 50]
{"status": "success", "processed_ids": [41, 42, 43, 44, 45, 46, 47, 48, 49, 50]}
2025-03-31 11:10:44,293 INFO: ------------------------------
2025-03-31 11:10:44,293 INFO: ------------------------------
2025-03-31 11:10:44,293 INFO: Processing chunk 6 with 10 records.
2025-03-31 11:10:46,329 INFO: Chunk 6 processed in 2.04 seconds.
2025-03-31 11:10:46,329 INFO: Chunk 6 processed successfully.
2025-03-31 11:10:46,329 INFO: Output: Calling API with ids: [51, 52, 53, 54, 55, 56, 57, 58, 59, 60]
{"status": "success", "processed_ids": [51, 52, 53, 54, 55, 56, 57, 58, 59, 60]}
2025-03-31 11:10:46,329 INFO: ------------------------------
2025-03-31 11:10:46,329 INFO: ------------------------------
2025-03-31 11:10:46,329 INFO: Processing chunk 7 with 10 records.
2025-03-31 11:10:48,357 INFO: Chunk 7 processed in 2.03 seconds.
2025-03-31 11:10:48,357 INFO: Chunk 7 processed successfully.
2025-03-31 11:10:48,358 INFO: Output: Calling API with ids: [61, 62, 63, 64, 65, 66, 67, 68, 69, 70]
{"status": "success", "processed_ids": [61, 62, 63, 64, 65, 66, 67, 68, 69, 70]}
2025-03-31 11:10:48,358 INFO: ------------------------------
2025-03-31 11:10:48,358 INFO: ------------------------------
2025-03-31 11:10:48,358 INFO: Processing chunk 8 with 10 records.
2025-03-31 11:10:50,386 INFO: Chunk 8 processed in 2.03 seconds.
2025-03-31 11:10:50,386 INFO: Chunk 8 processed successfully.
2025-03-31 11:10:50,386 INFO: Output: Calling API with ids: [71, 72, 73, 74, 75, 76, 77, 78, 79, 80]
{"status": "success", "processed_ids": [71, 72, 73, 74, 75, 76, 77, 78, 79, 80]}
2025-03-31 11:10:50,386 INFO: ------------------------------
2025-03-31 11:10:50,386 INFO: ------------------------------
2025-03-31 11:10:50,386 INFO: Processing chunk 9 with 10 records.
2025-03-31 11:10:52,418 INFO: Chunk 9 processed in 2.03 seconds.
2025-03-31 11:10:52,419 INFO: Chunk 9 processed successfully.
2025-03-31 11:10:52,419 INFO: Output: Calling API with ids: [81, 82, 83, 84, 85, 86, 87, 88, 89, 90]
{"status": "success", "processed_ids": [81, 82, 83, 84, 85, 86, 87, 88, 89, 90]}
2025-03-31 11:10:52,419 INFO: ------------------------------
2025-03-31 11:10:52,419 INFO: ------------------------------
2025-03-31 11:10:52,419 INFO: Processing chunk 10 with 10 records.
2025-03-31 11:10:54,455 INFO: Chunk 10 processed in 2.04 seconds.
2025-03-31 11:10:54,455 INFO: Chunk 10 processed successfully.
2025-03-31 11:10:54,455 INFO: Output: Calling API with ids: [91, 92, 93, 94, 95, 96, 97, 98, 99, 100]
{"status": "success", "processed_ids": [91, 92, 93, 94, 95, 96, 97, 98, 99, 100]}
2025-03-31 11:10:54,455 INFO: ------------------------------
2025-03-31 11:10:54,455 INFO: ------------------------------
2025-03-31 11:10:54,455 INFO: Batch sizes used per chunk: [10, 10, 10, 10, 10, 10, 10, 10, 10, 10]
2025-03-31 11:10:54,455 INFO: Data migration process completed.
2025-03-31 11:10:54,455 INFO: ------------------------------
2025-03-31 11:10:54,456 INFO: Released lock and removed main.lock.
2025-03-31 11:11:32,883 INFO: Acquired lock with file main.lock.
2025-03-31 11:11:32,883 INFO: ------------------------------
2025-03-31 11:11:32,883 INFO: Starting data migration process.
2025-03-31 11:11:32,883 INFO: Loaded configuration from config.json.
2025-03-31 11:11:32,883 INFO: Initial memory usage: 18.47 MB
2025-03-31 11:11:32,883 INFO: Total system memory: 24576.00 MB
2025-03-31 11:11:32,883 INFO: Calling get_ids.py to retrieve IDs...
2025-03-31 11:11:36,909 INFO: Successfully retrieved 100 IDs.
2025-03-31 11:11:36,909 INFO: Total IDs to process: 100
2025-03-31 11:11:36,909 INFO: ------------------------------
2025-03-31 11:11:36,909 INFO: ------------------------------
2025-03-31 11:11:36,909 INFO: Processing chunk 1 with 10 records.
2025-03-31 11:11:36,909 INFO: Memory before processing chunk: 18.94 MB
2025-03-31 11:11:38,940 INFO: Memory after processing chunk: 19.00 MB
2025-03-31 11:11:38,941 INFO: Chunk 1 processed in 2.03 seconds with a memory delta of 0.06 MB (0.0003% of total system memory).
2025-03-31 11:11:38,941 INFO: Chunk 1 processed successfully.
2025-03-31 11:11:38,941 INFO: Output: Calling API with ids: [1, 2, 3, 4, 5, 6, 7, 8, 9, 10]
{"status": "success", "processed_ids": [1, 2, 3, 4, 5, 6, 7, 8, 9, 10]}
2025-03-31 11:11:38,941 INFO: ------------------------------
2025-03-31 11:11:38,941 INFO: ------------------------------
2025-03-31 11:11:38,941 INFO: Processing chunk 2 with 10 records.
2025-03-31 11:11:38,941 INFO: Memory before processing chunk: 19.00 MB
2025-03-31 11:11:40,974 INFO: Memory after processing chunk: 19.00 MB
2025-03-31 11:11:40,975 INFO: Chunk 2 processed in 2.03 seconds with a memory delta of 0.00 MB (0.0000% of total system memory).
2025-03-31 11:11:40,975 INFO: Chunk 2 processed successfully.
2025-03-31 11:11:40,975 INFO: Output: Calling API with ids: [11, 12, 13, 14, 15, 16, 17, 18, 19, 20]
{"status": "success", "processed_ids": [11, 12, 13, 14, 15, 16, 17, 18, 19, 20]}
2025-03-31 11:11:40,975 INFO: ------------------------------
2025-03-31 11:11:40,975 INFO: ------------------------------
2025-03-31 11:11:40,975 INFO: Processing chunk 3 with 10 records.
2025-03-31 11:11:40,975 INFO: Memory before processing chunk: 19.00 MB
2025-03-31 11:11:43,007 INFO: Memory after processing chunk: 19.02 MB
2025-03-31 11:11:43,007 INFO: Chunk 3 processed in 2.03 seconds with a memory delta of 0.02 MB (0.0001% of total system memory).
2025-03-31 11:11:43,007 INFO: Chunk 3 processed successfully.
2025-03-31 11:11:43,007 INFO: Output: Calling API with ids: [21, 22, 23, 24, 25, 26, 27, 28, 29, 30]
{"status": "success", "processed_ids": [21, 22, 23, 24, 25, 26, 27, 28, 29, 30]}
2025-03-31 11:11:43,007 INFO: ------------------------------
2025-03-31 11:11:43,007 INFO: ------------------------------
2025-03-31 11:11:43,007 INFO: Processing chunk 4 with 10 records.
2025-03-31 11:11:43,007 INFO: Memory before processing chunk: 19.02 MB
2025-03-31 11:11:45,035 INFO: Memory after processing chunk: 19.03 MB
2025-03-31 11:11:45,035 INFO: Chunk 4 processed in 2.03 seconds with a memory delta of 0.02 MB (0.0001% of total system memory).
2025-03-31 11:11:45,035 INFO: Chunk 4 processed successfully.
2025-03-31 11:11:45,035 INFO: Output: Calling API with ids: [31, 32, 33, 34, 35, 36, 37, 38, 39, 40]
{"status": "success", "processed_ids": [31, 32, 33, 34, 35, 36, 37, 38, 39, 40]}
2025-03-31 11:11:45,035 INFO: ------------------------------
2025-03-31 11:11:45,035 INFO: ------------------------------
2025-03-31 11:11:45,035 INFO: Processing chunk 5 with 10 records.
2025-03-31 11:11:45,035 INFO: Memory before processing chunk: 19.03 MB
2025-03-31 11:11:47,067 INFO: Memory after processing chunk: 19.05 MB
2025-03-31 11:11:47,067 INFO: Chunk 5 processed in 2.03 seconds with a memory delta of 0.02 MB (0.0001% of total system memory).
2025-03-31 11:11:47,067 INFO: Chunk 5 processed successfully.
2025-03-31 11:11:47,067 INFO: Output: Calling API with ids: [41, 42, 43, 44, 45, 46, 47, 48, 49, 50]
{"status": "success", "processed_ids": [41, 42, 43, 44, 45, 46, 47, 48, 49, 50]}
2025-03-31 11:11:47,067 INFO: ------------------------------
2025-03-31 11:11:47,067 INFO: ------------------------------
2025-03-31 11:11:47,067 INFO: Processing chunk 6 with 10 records.
2025-03-31 11:11:47,067 INFO: Memory before processing chunk: 19.05 MB
2025-03-31 11:11:49,096 INFO: Memory after processing chunk: 19.05 MB
2025-03-31 11:11:49,097 INFO: Chunk 6 processed in 2.03 seconds with a memory delta of 0.00 MB (0.0000% of total system memory).
2025-03-31 11:11:49,097 INFO: Chunk 6 processed successfully.
2025-03-31 11:11:49,097 INFO: Output: Calling API with ids: [51, 52, 53, 54, 55, 56, 57, 58, 59, 60]
{"status": "success", "processed_ids": [51, 52, 53, 54, 55, 56, 57, 58, 59, 60]}
2025-03-31 11:11:49,097 INFO: ------------------------------
2025-03-31 11:11:49,097 INFO: ------------------------------
2025-03-31 11:11:49,097 INFO: Processing chunk 7 with 10 records.
2025-03-31 11:11:49,097 INFO: Memory before processing chunk: 19.05 MB
2025-03-31 11:11:51,125 INFO: Memory after processing chunk: 19.05 MB
2025-03-31 11:11:51,125 INFO: Chunk 7 processed in 2.03 seconds with a memory delta of 0.00 MB (0.0000% of total system memory).
2025-03-31 11:11:51,125 INFO: Chunk 7 processed successfully.
2025-03-31 11:11:51,125 INFO: Output: Calling API with ids: [61, 62, 63, 64, 65, 66, 67, 68, 69, 70]
{"status": "success", "processed_ids": [61, 62, 63, 64, 65, 66, 67, 68, 69, 70]}
2025-03-31 11:11:51,125 INFO: ------------------------------
2025-03-31 11:11:51,125 INFO: ------------------------------
2025-03-31 11:11:51,125 INFO: Processing chunk 8 with 10 records.
2025-03-31 11:11:51,125 INFO: Memory before processing chunk: 19.05 MB
2025-03-31 11:11:53,156 INFO: Memory after processing chunk: 19.16 MB
2025-03-31 11:11:53,157 INFO: Chunk 8 processed in 2.03 seconds with a memory delta of 0.11 MB (0.0004% of total system memory).
2025-03-31 11:11:53,157 INFO: Chunk 8 processed successfully.
2025-03-31 11:11:53,157 INFO: Output: Calling API with ids: [71, 72, 73, 74, 75, 76, 77, 78, 79, 80]
{"status": "success", "processed_ids": [71, 72, 73, 74, 75, 76, 77, 78, 79, 80]}
2025-03-31 11:11:53,157 INFO: ------------------------------
2025-03-31 11:11:53,157 INFO: ------------------------------
2025-03-31 11:11:53,157 INFO: Processing chunk 9 with 10 records.
2025-03-31 11:11:53,157 INFO: Memory before processing chunk: 19.16 MB
2025-03-31 11:11:55,196 INFO: Memory after processing chunk: 19.16 MB
2025-03-31 11:11:55,196 INFO: Chunk 9 processed in 2.04 seconds with a memory delta of 0.00 MB (0.0000% of total system memory).
2025-03-31 11:11:55,196 INFO: Chunk 9 processed successfully.
2025-03-31 11:11:55,196 INFO: Output: Calling API with ids: [81, 82, 83, 84, 85, 86, 87, 88, 89, 90]
{"status": "success", "processed_ids": [81, 82, 83, 84, 85, 86, 87, 88, 89, 90]}
2025-03-31 11:11:55,196 INFO: ------------------------------
2025-03-31 11:11:55,196 INFO: ------------------------------
2025-03-31 11:11:55,196 INFO: Processing chunk 10 with 10 records.
2025-03-31 11:11:55,196 INFO: Memory before processing chunk: 19.16 MB
2025-03-31 11:11:57,234 INFO: Memory after processing chunk: 19.16 MB
2025-03-31 11:11:57,234 INFO: Chunk 10 processed in 2.04 seconds with a memory delta of 0.00 MB (0.0000% of total system memory).
2025-03-31 11:11:57,234 INFO: Chunk 10 processed successfully.
2025-03-31 11:11:57,234 INFO: Output: Calling API with ids: [91, 92, 93, 94, 95, 96, 97, 98, 99, 100]
{"status": "success", "processed_ids": [91, 92, 93, 94, 95, 96, 97, 98, 99, 100]}
2025-03-31 11:11:57,234 INFO: ------------------------------
2025-03-31 11:11:57,235 INFO: Final memory usage: 19.16 MB
2025-03-31 11:11:57,235 INFO: Memory usage delta per chunk (MB): [0.0625, 0.0, 0.015625, 0.015625, 0.015625, 0.0, 0.0, 0.109375, 0.0, 0.0]
2025-03-31 11:11:57,235 INFO: Memory usage percentage per chunk (%): [0.00025431315104166663, 0.0, 6.357828776041666e-05, 6.357828776041666e-05, 6.357828776041666e-05, 0.0, 0.0, 0.0004450480143229167, 0.0, 0.0]
2025-03-31 11:11:57,235 INFO: ------------------------------
2025-03-31 11:11:57,235 INFO: Batch sizes used per chunk: [10, 10, 10, 10, 10, 10, 10, 10, 10, 10]
2025-03-31 11:11:57,235 INFO: Data migration process completed.
2025-03-31 11:11:57,235 INFO: ------------------------------
2025-03-31 11:11:57,235 INFO: Released lock and removed main.lock.
2025-03-31 11:12:42,226 INFO: Acquired lock with file main.lock.
2025-03-31 11:12:42,226 INFO: ------------------------------
2025-03-31 11:12:42,226 INFO: Starting data migration process.
2025-03-31 11:12:42,226 INFO: Loaded configuration from config.json.
2025-03-31 11:12:42,226 INFO: Initial memory usage: 17.84 MB
2025-03-31 11:12:42,226 INFO: Total system memory: 24576.00 MB
2025-03-31 11:12:42,226 INFO: Calling get_ids.py to retrieve IDs...
2025-03-31 11:12:46,250 INFO: Successfully retrieved 100 IDs.
2025-03-31 11:12:46,250 INFO: Total IDs to process: 100
2025-03-31 11:12:46,250 INFO: ------------------------------
2025-03-31 11:12:46,250 INFO: ------------------------------
2025-03-31 11:12:46,250 INFO: Processing chunk 1 with 10 records.
2025-03-31 11:12:46,251 INFO: Memory before processing chunk: 18.34 MB
2025-03-31 11:12:48,292 INFO: Memory after processing chunk: 18.50 MB
2025-03-31 11:12:48,292 INFO: Chunk 1 processed in 2.04 seconds with a memory delta of 0.16 MB (0.0006% of total system memory).
2025-03-31 11:12:48,292 INFO: Chunk 1 processed successfully.
2025-03-31 11:12:48,293 INFO: Output: Calling API with ids: [1, 2, 3, 4, 5, 6, 7, 8, 9, 10]
{"status": "success", "processed_ids": [1, 2, 3, 4, 5, 6, 7, 8, 9, 10]}
2025-03-31 11:12:48,293 INFO: ------------------------------
2025-03-31 11:12:48,293 INFO: Adjusting chunk size from 10 to 786432 based on average memory usage per record (0.0156 MB).
2025-03-31 11:12:48,293 INFO: ------------------------------
2025-03-31 11:12:48,293 INFO: Processing chunk 2 with 90 records.
2025-03-31 11:12:48,293 INFO: Memory before processing chunk: 18.56 MB
2025-03-31 11:12:50,332 INFO: Memory after processing chunk: 18.67 MB
2025-03-31 11:12:50,332 INFO: Chunk 2 processed in 2.04 seconds with a memory delta of 0.11 MB (0.0004% of total system memory).
2025-03-31 11:12:50,332 INFO: Chunk 2 processed successfully.
2025-03-31 11:12:50,332 INFO: Output: Calling API with ids: [11, 12, 13, 14, 15, 16, 17, 18, 19, 20, 21, 22, 23, 24, 25, 26, 27, 28, 29, 30, 31, 32, 33, 34, 35, 36, 37, 38, 39, 40, 41, 42, 43, 44, 45, 46, 47, 48, 49, 50, 51, 52, 53, 54, 55, 56, 57, 58, 59, 60, 61, 62, 63, 64, 65, 66, 67, 68, 69, 70, 71, 72, 73, 74, 75, 76, 77, 78, 79, 80, 81, 82, 83, 84, 85, 86, 87, 88, 89, 90, 91, 92, 93, 94, 95, 96, 97, 98, 99, 100]
{"status": "success", "processed_ids": [11, 12, 13, 14, 15, 16, 17, 18, 19, 20, 21, 22, 23, 24, 25, 26, 27, 28, 29, 30, 31, 32, 33, 34, 35, 36, 37, 38, 39, 40, 41, 42, 43, 44, 45, 46, 47, 48, 49, 50, 51, 52, 53, 54, 55, 56, 57, 58, 59, 60, 61, 62, 63, 64, 65, 66, 67, 68, 69, 70, 71, 72, 73, 74, 75, 76, 77, 78, 79, 80, 81, 82, 83, 84, 85, 86, 87, 88, 89, 90, 91, 92, 93, 94, 95, 96, 97, 98, 99, 100]}
2025-03-31 11:12:50,332 INFO: ------------------------------
2025-03-31 11:12:50,332 INFO: Adjusting chunk size from 786432 to 10111268 based on average memory usage per record (0.0012 MB).
2025-03-31 11:12:50,333 INFO: Final memory usage: 18.67 MB
2025-03-31 11:12:50,334 INFO: Memory usage delta per chunk (MB): [0.15625, 0.109375]
2025-03-31 11:12:50,334 INFO: Memory usage percentage per chunk (%): [0.0006357828776041667, 0.0004450480143229167]
2025-03-31 11:12:50,334 INFO: ------------------------------
2025-03-31 11:12:50,334 INFO: Batch sizes used per chunk: [10, 786432]
2025-03-31 11:12:50,334 INFO: Data migration process completed.
2025-03-31 11:12:50,334 INFO: ------------------------------
2025-03-31 11:12:50,335 INFO: Released lock and removed main.lock.
